[ 23.12.2020 - 17:16:27 ]
    (MSG) [2] SMILExtract: openSMILE starting!
[ 23.12.2020 - 17:16:27 ]
    (MSG) [2] SMILExtract: config file is: /home/victor/Project/util/opensmile/config/is09-13/IS09_emotion.conf
[ 23.12.2020 - 17:16:27 ]
    (MSG) [2] cComponentManager: successfully registered 103 component types.
[ 23.12.2020 - 17:16:27 ]
    (MSG) [2] instance 'lldsink': No filename given, disabling this sink component.
[ 23.12.2020 - 17:16:27 ]
    (MSG) [2] instance 'lldhtksink': No filename given, disabling this sink component.
[ 23.12.2020 - 17:16:27 ]
    (MSG) [2] instance 'lldarffsink': No filename given, disabling this sink component.
[ 23.12.2020 - 17:16:27 ]
    (MSG) [2] instance 'csvsink': No filename given, disabling this sink component.
[ 23.12.2020 - 17:16:27 ]
    (MSG) [2] instance 'htksink': No filename given, disabling this sink component.
[ 23.12.2020 - 17:16:27 ]
    (MSG) [2] instance 'arffsink': writing ARFF header (384 features)...
[ 23.12.2020 - 17:16:27 ]
    (MSG) [2] cComponentManager: successfully finished createInstances (25 component instances were finalised, 1 data memories were finalised)
[ 23.12.2020 - 17:16:27 ]
    (MSG) [2] cComponentManager: starting single thread processing loop
[ 23.12.2020 - 17:16:27 ]
    (MSG) [2] cComponentManager: Processing finished! System ran for 433 ticks.
